
Showing logs for build [32mcb-kubecd-environment-pr-183-41-cldq4-1[0m stage [32mfrom-build-pack[0m and container [32mstep-credential-initializer-ckhhp[0m
{"level":"warn","ts":1584444007.777816,"logger":"fallback-logger","caller":"logging/config.go:69","msg":"Fetch GitHub commit ID from kodata failed: \"ref: refs/heads/0.8.0-**-support-backwards-incompats\" is not a valid GitHub commit ID"}
{"level":"info","ts":1584444007.77947,"logger":"fallback-logger","caller":"creds-init/main.go:40","msg":"Credentials initialized."}

Showing logs for build [32mcb-kubecd-environment-pr-183-41-cldq4-1[0m stage [32mfrom-build-pack[0m and container [32mstep-working-dir-initializer-4wkcl[0m
{"level":"warn","ts":1584444008.494165,"logger":"fallback-logger","caller":"logging/config.go:69","msg":"Fetch GitHub commit ID from kodata failed: open /var/run/ko/HEAD: no such file or directory"}
{"level":"info","ts":1584444008.4987779,"logger":"fallback-logger","caller":"bash/main.go:64","msg":"Successfully executed command \"sh -c mkdir -p /workspace/source\"; output "}

Showing logs for build [32mcb-kubecd-environment-pr-183-41-cldq4-1[0m stage [32mfrom-build-pack[0m and container [32mstep-place-tools[0m

Showing logs for build [32mcb-kubecd-environment-pr-183-41-cldq4-1[0m stage [32mfrom-build-pack[0m and container [32mstep-git-source-cb-kubecd-environment-pr-183-41-cldq4-zwqm5[0m
{"level":"warn","ts":1584444014.784626,"logger":"fallback-logger","caller":"logging/config.go:69","msg":"Fetch GitHub commit ID from kodata failed: \"ref: refs/heads/0.8.0-**-support-backwards-incompats\" is not a valid GitHub commit ID"}
{"level":"info","ts":1584444015.8847587,"logger":"fallback-logger","caller":"git/git.go:103","msg":"Successfully cloned https://github.com/cb-kubecd/environment-pr-183-41-boot-gke-staging.git @ master in path /workspace/source"}

Showing logs for build [32mcb-kubecd-environment-pr-183-41-cldq4-1[0m stage [32mfrom-build-pack[0m and container [32mstep-git-merge[0m
Using SHAs from PULL_REFS=master:9c289cee3d333269cbcc50e6ca7623a40536682a,3:f10808fa1e1dab2c7920f36e27a0670d8668b03a
DEBUG: LC_ALL=C JX_LOG_LEVEL=error git fetch origin --unshallow f10808fa1e1dab2c7920f36e27a0670d8668b03a: 9c289cee3d333269cbcc50e6ca7623a40536682a:
DEBUG: ran git fetch --unshallow origin f10808fa1e1dab2c7920f36e27a0670d8668b03a: 9c289cee3d333269cbcc50e6ca7623a40536682a: in 
DEBUG: JX_LOG_LEVEL=error LC_ALL=C git branch
DEBUG: LC_ALL=C JX_LOG_LEVEL=error git checkout master
DEBUG: ran git checkout master in 
DEBUG: LC_ALL=C JX_LOG_LEVEL=error git reset --hard 9c289cee3d333269cbcc50e6ca7623a40536682a
DEBUG: ran git reset --hard 9c289cee3d333269cbcc50e6ca7623a40536682a in 
DEBUG: LC_ALL=C JX_LOG_LEVEL=error git clean -fd .
DEBUG: ran clean --force -d . in 
DEBUG: LC_ALL=C JX_LOG_LEVEL=error git merge f10808fa1e1dab2c7920f36e27a0670d8668b03a
DEBUG: ran git merge f10808fa1e1dab2c7920f36e27a0670d8668b03a in 
DEBUG: JX_LOG_LEVEL=error LC_ALL=C git log --format=%H%x1f%an%x1f%ae%x1f%cn%x1f%ce%x1f%s%n%b%x1e 9c289cee3d333269cbcc50e6ca7623a40536682a..HEAD
Merged SHA f10808fa1e1dab2c7920f36e27a0670d8668b03a with commit message 'chore: Promote bdd-gh-1584443103 to version 0.0.1' into base branch master

Showing logs for build [32mcb-kubecd-environment-pr-183-41-cldq4-1[0m stage [32mfrom-build-pack[0m and container [32mstep-build-helm-build[0m
WARNING: No $CHART_REPOSITORY defined so using the default value of: http://jenkins-x-chartmuseum:8080
Adding missing Helm repo: storage.googleapis.com https://storage.googleapis.com/chartmuseum.jenkins-x.io
WARNING: No secrets found on "helm/repos" due: reading the secret "helm/repos" from vault: no secret "helm/repos" not found in vault
Read credentials for https://storage.googleapis.com/chartmuseum.jenkins-x.io from vault helm/repos
Successfully added Helm repository storage.googleapis.com.
Adding missing Helm repo: jenkins-x-chartmuseum http://jenkins-x-chartmuseum:8080
WARNING: No secrets found on "helm/repos" due: reading the secret "helm/repos" from vault: no secret "helm/repos" not found in vault
Read credentials for http://jenkins-x-chartmuseum:8080 from vault helm/repos
Successfully added Helm repository jenkins-x-chartmuseum.
WARNING: No $CHART_REPOSITORY defined so using the default value of: http://jenkins-x-chartmuseum:8080
Adding missing Helm repo: chartmuseum.jenkins-x.io http://chartmuseum.jenkins-x.io
WARNING: No secrets found on "helm/repos" due: reading the secret "helm/repos" from vault: no secret "helm/repos" not found in vault
Read credentials for http://chartmuseum.jenkins-x.io from vault helm/repos
Successfully added Helm repository chartmuseum.jenkins-x.io.
