
Showing logs for build [32mcb-kubecd-environment-pr-183-41-sx4g4-1[0m stage [32mfrom-build-pack[0m and container [32mstep-credential-initializer-srn72[0m
{"level":"warn","ts":1584445609.4156175,"logger":"fallback-logger","caller":"logging/config.go:69","msg":"Fetch GitHub commit ID from kodata failed: \"ref: refs/heads/0.8.0-**-support-backwards-incompats\" is not a valid GitHub commit ID"}
{"level":"info","ts":1584445609.4160752,"logger":"fallback-logger","caller":"creds-init/main.go:40","msg":"Credentials initialized."}

Showing logs for build [32mcb-kubecd-environment-pr-183-41-sx4g4-1[0m stage [32mfrom-build-pack[0m and container [32mstep-working-dir-initializer-5dgjq[0m
{"level":"warn","ts":1584445610.7285273,"logger":"fallback-logger","caller":"logging/config.go:69","msg":"Fetch GitHub commit ID from kodata failed: open /var/run/ko/HEAD: no such file or directory"}
{"level":"info","ts":1584445610.7299938,"logger":"fallback-logger","caller":"bash/main.go:64","msg":"Successfully executed command \"sh -c mkdir -p /workspace/source\"; output "}

Showing logs for build [32mcb-kubecd-environment-pr-183-41-sx4g4-1[0m stage [32mfrom-build-pack[0m and container [32mstep-place-tools[0m

Showing logs for build [32mcb-kubecd-environment-pr-183-41-sx4g4-1[0m stage [32mfrom-build-pack[0m and container [32mstep-git-source-cb-kubecd-environment-pr-183-41-sx4g4-jp8b4[0m
{"level":"warn","ts":1584445643.8528159,"logger":"fallback-logger","caller":"logging/config.go:69","msg":"Fetch GitHub commit ID from kodata failed: \"ref: refs/heads/0.8.0-**-support-backwards-incompats\" is not a valid GitHub commit ID"}
{"level":"info","ts":1584445644.9749894,"logger":"fallback-logger","caller":"git/git.go:103","msg":"Successfully cloned https://github.com/cb-kubecd/environment-pr-183-41-boot-gke-staging.git @ master in path /workspace/source"}

Showing logs for build [32mcb-kubecd-environment-pr-183-41-sx4g4-1[0m stage [32mfrom-build-pack[0m and container [32mstep-git-merge[0m
Using SHAs from PULL_REFS=master:1c05e4f7a8b1b2f3b7ad8f96305de57309db2620,5:c025007eec928c1debd302a9dc59c7bbe3c0b4a1
DEBUG: LC_ALL=C JX_LOG_LEVEL=error git fetch origin --unshallow c025007eec928c1debd302a9dc59c7bbe3c0b4a1: 1c05e4f7a8b1b2f3b7ad8f96305de57309db2620:
DEBUG: ran git fetch --unshallow origin c025007eec928c1debd302a9dc59c7bbe3c0b4a1: 1c05e4f7a8b1b2f3b7ad8f96305de57309db2620: in 
DEBUG: JX_LOG_LEVEL=error LC_ALL=C git branch
DEBUG: LC_ALL=C JX_LOG_LEVEL=error git checkout master
DEBUG: ran git checkout master in 
DEBUG: LC_ALL=C JX_LOG_LEVEL=error git reset --hard 1c05e4f7a8b1b2f3b7ad8f96305de57309db2620
DEBUG: ran git reset --hard 1c05e4f7a8b1b2f3b7ad8f96305de57309db2620 in 
DEBUG: LC_ALL=C JX_LOG_LEVEL=error git clean -fd .
DEBUG: ran clean --force -d . in 
DEBUG: LC_ALL=C JX_LOG_LEVEL=error git merge c025007eec928c1debd302a9dc59c7bbe3c0b4a1
DEBUG: ran git merge c025007eec928c1debd302a9dc59c7bbe3c0b4a1 in 
DEBUG: LC_ALL=C JX_LOG_LEVEL=error git log --format=%H%x1f%an%x1f%ae%x1f%cn%x1f%ce%x1f%s%n%b%x1e 1c05e4f7a8b1b2f3b7ad8f96305de57309db2620..HEAD
Merged SHA c025007eec928c1debd302a9dc59c7bbe3c0b4a1 with commit message 'chore: Promote bdd-sbhg-import-1584445306 to version 0.0.1' into base branch master

Showing logs for build [32mcb-kubecd-environment-pr-183-41-sx4g4-1[0m stage [32mfrom-build-pack[0m and container [32mstep-build-helm-build[0m
WARNING: No $CHART_REPOSITORY defined so using the default value of: http://jenkins-x-chartmuseum:8080
Adding missing Helm repo: storage.googleapis.com https://storage.googleapis.com/chartmuseum.jenkins-x.io
WARNING: No secrets found on "helm/repos" due: reading the secret "helm/repos" from vault: no secret "helm/repos" not found in vault
Read credentials for https://storage.googleapis.com/chartmuseum.jenkins-x.io from vault helm/repos
Successfully added Helm repository storage.googleapis.com.
Adding missing Helm repo: jenkins-x-chartmuseum http://jenkins-x-chartmuseum:8080
WARNING: No secrets found on "helm/repos" due: reading the secret "helm/repos" from vault: no secret "helm/repos" not found in vault
Read credentials for http://jenkins-x-chartmuseum:8080 from vault helm/repos
Successfully added Helm repository jenkins-x-chartmuseum.
WARNING: No $CHART_REPOSITORY defined so using the default value of: http://jenkins-x-chartmuseum:8080
Adding missing Helm repo: chartmuseum.jenkins-x.io http://chartmuseum.jenkins-x.io
WARNING: No secrets found on "helm/repos" due: reading the secret "helm/repos" from vault: no secret "helm/repos" not found in vault
Read credentials for http://chartmuseum.jenkins-x.io from vault helm/repos
Successfully added Helm repository chartmuseum.jenkins-x.io.
